<?xml version="1.0" encoding="UTF-8"?>
<!-- Generated by org.testng.reporters.JUnitReportReporter -->
<testsuite hostname="DESKTOP-5ID8EGO" failures="0" tests="1" name="calculator.StringCalculatorShould" time="0.013" errors="0" timestamp="2021-10-17T22:49:55 IST" skipped="0">
  <testcase classname="calculator.StringCalculatorShould" name="empty_string_should_return_0" time="0.013"/>
  <system-out/>
</testsuite> <!-- calculator.StringCalculatorShould -->
